# JRE version: OpenJDK Runtime Environment (8.0_152-b01) (build 1.8.0_152-release-1343-b01)
# Java VM: OpenJDK 64-Bit Server VM (25.152-b01 mixed mode windows-amd64 compressed oops)
Heap:
 PSYoungGen      total 104448K, used 47253K [0x00000000e0000000, 0x00000000e8f00000, 0x0000000100000000)
  eden space 96256K, 40% used [0x00000000e0000000,0x00000000e2654740,0x00000000e5e00000)
  from space 8192K, 97% used [0x00000000e8700000,0x00000000e8ed0ee8,0x00000000e8f00000)
  to   space 10240K, 0% used [0x00000000e7b00000,0x00000000e7b00000,0x00000000e8500000)
 ParOldGen       total 38400K, used 10459K [0x00000000a0000000, 0x00000000a2580000, 0x00000000e0000000)
  object space 38400K, 27% used [0x00000000a0000000,0x00000000a0a36e10,0x00000000a2580000)
 Metaspace       used 30588K, capacity 31124K, committed 31360K, reserved 1077248K
  class space    used 4170K, capacity 4362K, committed 4480K, reserved 1048576K
GC Heap History (10 events):
Event: 4.073 GC heap before
{Heap before GC invocations=5 (full 0):
 PSYoungGen      total 35328K, used 35296K [0x00000000e0000000, 0x00000000e2500000, 0x0000000100000000)
  eden space 32768K, 100% used [0x00000000e0000000,0x00000000e2000000,0x00000000e2000000)
  from space 2560K, 98% used [0x00000000e2280000,0x00000000e24f8020,0x00000000e2500000)
  to   space 2560K, 0% used [0x00000000e2000000,0x00000000e2000000,0x00000000e2280000)
 ParOldGen       total 44032K, used 2069K [0x00000000a0000000, 0x00000000a2b00000, 0x00000000e0000000)
  object space 44032K, 4% used [0x00000000a0000000,0x00000000a0205668,0x00000000a2b00000)
 Metaspace       used 13316K, capacity 13728K, committed 13824K, reserved 1060864K
  class space    used 1842K, capacity 1998K, committed 2048K, reserved 1048576K
Event: 4.086 GC heap after
Heap after GC invocations=5 (full 0):
 PSYoungGen      total 35328K, used 2544K [0x00000000e0000000, 0x00000000e4c00000, 0x0000000100000000)
  eden space 32768K, 0% used [0x00000000e0000000,0x00000000e0000000,0x00000000e2000000)
  from space 2560K, 99% used [0x00000000e2000000,0x00000000e227c030,0x00000000e2280000)
  to   space 6144K, 0% used [0x00000000e4600000,0x00000000e4600000,0x00000000e4c00000)
 ParOldGen       total 44032K, used 5953K [0x00000000a0000000, 0x00000000a2b00000, 0x00000000e0000000)
  object space 44032K, 13% used [0x00000000a0000000,0x00000000a05d0410,0x00000000a2b00000)
 Metaspace       used 13316K, capacity 13728K, committed 13824K, reserved 1060864K
  class space    used 1842K, capacity 1998K, committed 2048K, reserved 1048576K
}
Event: 4.719 GC heap before
{Heap before GC invocations=6 (full 0):
 PSYoungGen      total 35328K, used 35312K [0x00000000e0000000, 0x00000000e4c00000, 0x0000000100000000)
  eden space 32768K, 100% used [0x00000000e0000000,0x00000000e2000000,0x00000000e2000000)
  from space 2560K, 99% used [0x00000000e2000000,0x00000000e227c030,0x00000000e2280000)
  to   space 6144K, 0% used [0x00000000e4600000,0x00000000e4600000,0x00000000e4c00000)
 ParOldGen       total 44032K, used 5953K [0x00000000a0000000, 0x00000000a2b00000, 0x00000000e0000000)
  object space 44032K, 13% used [0x00000000a0000000,0x00000000a05d0410,0x00000000a2b00000)
 Metaspace       used 16175K, capacity 16560K, committed 16896K, reserved 1062912K
  class space    used 2300K, capacity 2456K, committed 2560K, reserved 1048576K
Event: 4.743 GC heap after
Heap after GC invocations=6 (full 0):
 PSYoungGen      total 70656K, used 6142K [0x00000000e0000000, 0x00000000e4e00000, 0x0000000100000000)
  eden space 64512K, 0% used [0x00000000e0000000,0x00000000e0000000,0x00000000e3f00000)
  from space 6144K, 99% used [0x00000000e4600000,0x00000000e4bff870,0x00000000e4c00000)
  to   space 7168K, 0% used [0x00000000e3f00000,0x00000000e3f00000,0x00000000e4600000)
 ParOldGen       total 44032K, used 6335K [0x00000000a0000000, 0x00000000a2b00000, 0x00000000e0000000)
  object space 44032K, 14% used [0x00000000a0000000,0x00000000a062fe80,0x00000000a2b00000)
 Metaspace       used 16175K, capacity 16560K, committed 16896K, reserved 1062912K
  class space    used 2300K, capacity 2456K, committed 2560K, reserved 1048576K
}
Event: 6.388 GC heap before
{Heap before GC invocations=7 (full 0):
 PSYoungGen      total 70656K, used 51324K [0x00000000e0000000, 0x00000000e4e00000, 0x0000000100000000)
  eden space 64512K, 70% used [0x00000000e0000000,0x00000000e2c1fae8,0x00000000e3f00000)
  from space 6144K, 99% used [0x00000000e4600000,0x00000000e4bff870,0x00000000e4c00000)
  to   space 7168K, 0% used [0x00000000e3f00000,0x00000000e3f00000,0x00000000e4600000)
 ParOldGen       total 44032K, used 6335K [0x00000000a0000000, 0x00000000a2b00000, 0x00000000e0000000)
  object space 44032K, 14% used [0x00000000a0000000,0x00000000a062fe80,0x00000000a2b00000)
 Metaspace       used 20696K, capacity 21150K, committed 21296K, reserved 1067008K
  class space    used 2951K, capacity 3119K, committed 3200K, reserved 1048576K
Event: 6.402 GC heap after
Heap after GC invocations=7 (full 0):
 PSYoungGen      total 71680K, used 7164K [0x00000000e0000000, 0x00000000e9000000, 0x0000000100000000)
  eden space 64512K, 0% used [0x00000000e0000000,0x00000000e0000000,0x00000000e3f00000)
  from space 7168K, 99% used [0x00000000e3f00000,0x00000000e45ff0d8,0x00000000e4600000)
  to   space 9216K, 0% used [0x00000000e8700000,0x00000000e8700000,0x00000000e9000000)
 ParOldGen       total 44032K, used 8258K [0x00000000a0000000, 0x00000000a2b00000, 0x00000000e0000000)
  object space 44032K, 18% used [0x00000000a0000000,0x00000000a0810bc8,0x00000000a2b00000)
 Metaspace       used 20696K, capacity 21150K, committed 21296K, reserved 1067008K
  class space    used 2951K, capacity 3119K, committed 3200K, reserved 1048576K
}
Event: 6.402 GC heap before
{Heap before GC invocations=8 (full 1):
 PSYoungGen      total 71680K, used 7164K [0x00000000e0000000, 0x00000000e9000000, 0x0000000100000000)
  eden space 64512K, 0% used [0x00000000e0000000,0x00000000e0000000,0x00000000e3f00000)
  from space 7168K, 99% used [0x00000000e3f00000,0x00000000e45ff0d8,0x00000000e4600000)
  to   space 9216K, 0% used [0x00000000e8700000,0x00000000e8700000,0x00000000e9000000)
 ParOldGen       total 44032K, used 8258K [0x00000000a0000000, 0x00000000a2b00000, 0x00000000e0000000)
  object space 44032K, 18% used [0x00000000a0000000,0x00000000a0810bc8,0x00000000a2b00000)
 Metaspace       used 20696K, capacity 21150K, committed 21296K, reserved 1067008K
  class space    used 2951K, capacity 3119K, committed 3200K, reserved 1048576K
Event: 6.493 GC heap after
Heap after GC invocations=8 (full 1):
 PSYoungGen      total 71680K, used 0K [0x00000000e0000000, 0x00000000e9000000, 0x0000000100000000)
  eden space 64512K, 0% used [0x00000000e0000000,0x00000000e0000000,0x00000000e3f00000)
  from space 7168K, 0% used [0x00000000e3f00000,0x00000000e3f00000,0x00000000e4600000)
  to   space 9216K, 0% used [0x00000000e8700000,0x00000000e8700000,0x00000000e9000000)
 ParOldGen       total 38400K, used 10451K [0x00000000a0000000, 0x00000000a2580000, 0x00000000e0000000)
  object space 38400K, 27% used [0x00000000a0000000,0x00000000a0a34e10,0x00000000a2580000)
 Metaspace       used 20696K, capacity 21150K, committed 21296K, reserved 1067008K
  class space    used 2951K, capacity 3119K, committed 3200K, reserved 1048576K
}
Event: 8.635 GC heap before
{Heap before GC invocations=9 (full 1):
 PSYoungGen      total 71680K, used 64512K [0x00000000e0000000, 0x00000000e9000000, 0x0000000100000000)
  eden space 64512K, 100% used [0x00000000e0000000,0x00000000e3f00000,0x00000000e3f00000)
  from space 7168K, 0% used [0x00000000e3f00000,0x00000000e3f00000,0x00000000e4600000)
  to   space 9216K, 0% used [0x00000000e8700000,0x00000000e8700000,0x00000000e9000000)
 ParOldGen       total 38400K, used 10451K [0x00000000a0000000, 0x00000000a2580000, 0x00000000e0000000)
  object space 38400K, 27% used [0x00000000a0000000,0x00000000a0a34e10,0x00000000a2580000)
 Metaspace       used 28959K, capacity 29554K, committed 29696K, reserved 1075200K
  class space    used 3898K, capacity 4096K, committed 4096K, reserved 1048576K
Event: 8.649 GC heap after
Heap after GC invocations=9 (full 1):
 PSYoungGen      total 104448K, used 8003K [0x00000000e0000000, 0x00000000e8f00000, 0x0000000100000000)
  eden space 96256K, 0% used [0x00000000e0000000,0x00000000e0000000,0x00000000e5e00000)
  from space 8192K, 97% used [0x00000000e8700000,0x00000000e8ed0ee8,0x00000000e8f00000)
  to   space 10240K, 0% used [0x00000000e7b00000,0x00000000e7b00000,0x00000000e8500000)
 ParOldGen       total 38400K, used 10459K [0x00000000a0000000, 0x00000000a2580000, 0x00000000e0000000)
  object space 38400K, 27% used [0x00000000a0000000,0x00000000a0a36e10,0x00000000a2580000)
 Metaspace       used 28959K, capacity 29554K, committed 29696K, reserved 1075200K
  class space    used 3898K, capacity 4096K, committed 4096K, reserved 1048576K
}

