# JRE version: OpenJDK Runtime Environment (8.0_152-b01) (build 1.8.0_152-release-1343-b01)
# Java VM: OpenJDK 64-Bit Server VM (25.152-b01 mixed mode windows-amd64 compressed oops)
Heap:
 PSYoungGen      total 216576K, used 185309K [0x00000000e0000000, 0x00000000ef200000, 0x0000000100000000)
  eden space 188416K, 95% used [0x00000000e0000000,0x00000000eb0464f8,0x00000000eb800000)
  from space 28160K, 17% used [0x00000000eb800000,0x00000000ebcb1190,0x00000000ed380000)
  to   space 26112K, 0% used [0x00000000ed380000,0x00000000ed380000,0x00000000eed00000)
 ParOldGen       total 81408K, used 81328K [0x00000000a0000000, 0x00000000a4f80000, 0x00000000e0000000)
  object space 81408K, 99% used [0x00000000a0000000,0x00000000a4f6c040,0x00000000a4f80000)
 Metaspace       used 84391K, capacity 87854K, committed 88024K, reserved 1126400K
  class space    used 11026K, capacity 11693K, committed 11736K, reserved 1048576K
GC Heap History (10 events):
Event: 33.081 GC heap before
{Heap before GC invocations=23 (full 3):
 PSYoungGen      total 167936K, used 166311K [0x00000000e0000000, 0x00000000ed500000, 0x0000000100000000)
  eden space 153600K, 98% used [0x00000000e0000000,0x00000000e9471b80,0x00000000e9600000)
  from space 14336K, 99% used [0x00000000e9600000,0x00000000ea3f8168,0x00000000ea400000)
  to   space 23040K, 0% used [0x00000000ebe80000,0x00000000ebe80000,0x00000000ed500000)
 ParOldGen       total 81408K, used 50179K [0x00000000a0000000, 0x00000000a4f80000, 0x00000000e0000000)
  object space 81408K, 61% used [0x00000000a0000000,0x00000000a3100e50,0x00000000a4f80000)
 Metaspace       used 69549K, capacity 71794K, committed 72024K, reserved 1112064K
  class space    used 9263K, capacity 9731K, committed 9816K, reserved 1048576K
Event: 33.142 GC heap after
Heap after GC invocations=23 (full 3):
 PSYoungGen      total 192512K, used 19782K [0x00000000e0000000, 0x00000000edc80000, 0x0000000100000000)
  eden space 169472K, 0% used [0x00000000e0000000,0x00000000e0000000,0x00000000ea580000)
  from space 23040K, 85% used [0x00000000ebe80000,0x00000000ed1d1aa8,0x00000000ed500000)
  to   space 25600K, 0% used [0x00000000ea580000,0x00000000ea580000,0x00000000ebe80000)
 ParOldGen       total 81408K, used 61660K [0x00000000a0000000, 0x00000000a4f80000, 0x00000000e0000000)
  object space 81408K, 75% used [0x00000000a0000000,0x00000000a3c370a8,0x00000000a4f80000)
 Metaspace       used 69549K, capacity 71794K, committed 72024K, reserved 1112064K
  class space    used 9263K, capacity 9731K, committed 9816K, reserved 1048576K
}
Event: 38.928 GC heap before
{Heap before GC invocations=24 (full 3):
 PSYoungGen      total 192512K, used 189254K [0x00000000e0000000, 0x00000000edc80000, 0x0000000100000000)
  eden space 169472K, 100% used [0x00000000e0000000,0x00000000ea580000,0x00000000ea580000)
  from space 23040K, 85% used [0x00000000ebe80000,0x00000000ed1d1aa8,0x00000000ed500000)
  to   space 25600K, 0% used [0x00000000ea580000,0x00000000ea580000,0x00000000ebe80000)
 ParOldGen       total 81408K, used 61660K [0x00000000a0000000, 0x00000000a4f80000, 0x00000000e0000000)
  object space 81408K, 75% used [0x00000000a0000000,0x00000000a3c370a8,0x00000000a4f80000)
 Metaspace       used 73245K, capacity 75640K, committed 75736K, reserved 1114112K
  class space    used 9606K, capacity 10116K, committed 10200K, reserved 1048576K
Event: 38.973 GC heap after
Heap after GC invocations=24 (full 3):
 PSYoungGen      total 195072K, used 15734K [0x00000000e0000000, 0x00000000eed00000, 0x0000000100000000)
  eden space 169472K, 0% used [0x00000000e0000000,0x00000000e0000000,0x00000000ea580000)
  from space 25600K, 61% used [0x00000000ea580000,0x00000000eb4dd990,0x00000000ebe80000)
  to   space 26112K, 0% used [0x00000000ed380000,0x00000000ed380000,0x00000000eed00000)
 ParOldGen       total 81408K, used 61668K [0x00000000a0000000, 0x00000000a4f80000, 0x00000000e0000000)
  object space 81408K, 75% used [0x00000000a0000000,0x00000000a3c390a8,0x00000000a4f80000)
 Metaspace       used 73245K, capacity 75640K, committed 75736K, reserved 1114112K
  class space    used 9606K, capacity 10116K, committed 10200K, reserved 1048576K
}
Event: 42.382 GC heap before
{Heap before GC invocations=25 (full 3):
 PSYoungGen      total 195072K, used 185206K [0x00000000e0000000, 0x00000000eed00000, 0x0000000100000000)
  eden space 169472K, 100% used [0x00000000e0000000,0x00000000ea580000,0x00000000ea580000)
  from space 25600K, 61% used [0x00000000ea580000,0x00000000eb4dd990,0x00000000ebe80000)
  to   space 26112K, 0% used [0x00000000ed380000,0x00000000ed380000,0x00000000eed00000)
 ParOldGen       total 81408K, used 61668K [0x00000000a0000000, 0x00000000a4f80000, 0x00000000e0000000)
  object space 81408K, 75% used [0x00000000a0000000,0x00000000a3c390a8,0x00000000a4f80000)
 Metaspace       used 74848K, capacity 77398K, committed 77656K, reserved 1116160K
  class space    used 9776K, capacity 10303K, committed 10328K, reserved 1048576K
Event: 42.449 GC heap after
Heap after GC invocations=25 (full 3):
 PSYoungGen      total 214528K, used 20234K [0x00000000e0000000, 0x00000000ef200000, 0x0000000100000000)
  eden space 188416K, 0% used [0x00000000e0000000,0x00000000e0000000,0x00000000eb800000)
  from space 26112K, 77% used [0x00000000ed380000,0x00000000ee7428a8,0x00000000eed00000)
  to   space 28160K, 0% used [0x00000000eb800000,0x00000000eb800000,0x00000000ed380000)
 ParOldGen       total 81408K, used 61676K [0x00000000a0000000, 0x00000000a4f80000, 0x00000000e0000000)
  object space 81408K, 75% used [0x00000000a0000000,0x00000000a3c3b0a8,0x00000000a4f80000)
 Metaspace       used 74848K, capacity 77398K, committed 77656K, reserved 1116160K
  class space    used 9776K, capacity 10303K, committed 10328K, reserved 1048576K
}
Event: 45.035 GC heap before
{Heap before GC invocations=26 (full 3):
 PSYoungGen      total 214528K, used 208650K [0x00000000e0000000, 0x00000000ef200000, 0x0000000100000000)
  eden space 188416K, 100% used [0x00000000e0000000,0x00000000eb800000,0x00000000eb800000)
  from space 26112K, 77% used [0x00000000ed380000,0x00000000ee7428a8,0x00000000eed00000)
  to   space 28160K, 0% used [0x00000000eb800000,0x00000000eb800000,0x00000000ed380000)
 ParOldGen       total 81408K, used 61676K [0x00000000a0000000, 0x00000000a4f80000, 0x00000000e0000000)
  object space 81408K, 75% used [0x00000000a0000000,0x00000000a3c3b0a8,0x00000000a4f80000)
 Metaspace       used 74911K, capacity 77474K, committed 77656K, reserved 1116160K
  class space    used 9782K, capacity 10305K, committed 10328K, reserved 1048576K
Event: 45.316 GC heap after
Heap after GC invocations=26 (full 3):
 PSYoungGen      total 216576K, used 28144K [0x00000000e0000000, 0x00000000ef200000, 0x0000000100000000)
  eden space 188416K, 0% used [0x00000000e0000000,0x00000000e0000000,0x00000000eb800000)
  from space 28160K, 99% used [0x00000000eb800000,0x00000000ed37c2d0,0x00000000ed380000)
  to   space 26112K, 0% used [0x00000000ed380000,0x00000000ed380000,0x00000000eed00000)
 ParOldGen       total 81408K, used 77621K [0x00000000a0000000, 0x00000000a4f80000, 0x00000000e0000000)
  object space 81408K, 95% used [0x00000000a0000000,0x00000000a4bcd6d0,0x00000000a4f80000)
 Metaspace       used 74911K, capacity 77474K, committed 77656K, reserved 1116160K
  class space    used 9782K, capacity 10305K, committed 10328K, reserved 1048576K
}
Event: 45.316 GC heap before
{Heap before GC invocations=27 (full 4):
 PSYoungGen      total 216576K, used 28144K [0x00000000e0000000, 0x00000000ef200000, 0x0000000100000000)
  eden space 188416K, 0% used [0x00000000e0000000,0x00000000e0000000,0x00000000eb800000)
  from space 28160K, 99% used [0x00000000eb800000,0x00000000ed37c2d0,0x00000000ed380000)
  to   space 26112K, 0% used [0x00000000ed380000,0x00000000ed380000,0x00000000eed00000)
 ParOldGen       total 81408K, used 77621K [0x00000000a0000000, 0x00000000a4f80000, 0x00000000e0000000)
  object space 81408K, 95% used [0x00000000a0000000,0x00000000a4bcd6d0,0x00000000a4f80000)
 Metaspace       used 74911K, capacity 77474K, committed 77656K, reserved 1116160K
  class space    used 9782K, capacity 10305K, committed 10328K, reserved 1048576K
Event: 46.558 GC heap after
Heap after GC invocations=27 (full 4):
 PSYoungGen      total 216576K, used 4804K [0x00000000e0000000, 0x00000000ef200000, 0x0000000100000000)
  eden space 188416K, 0% used [0x00000000e0000000,0x00000000e0000000,0x00000000eb800000)
  from space 28160K, 17% used [0x00000000eb800000,0x00000000ebcb1190,0x00000000ed380000)
  to   space 26112K, 0% used [0x00000000ed380000,0x00000000ed380000,0x00000000eed00000)
 ParOldGen       total 81408K, used 81328K [0x00000000a0000000, 0x00000000a4f80000, 0x00000000e0000000)
  object space 81408K, 99% used [0x00000000a0000000,0x00000000a4f6c040,0x00000000a4f80000)
 Metaspace       used 74897K, capacity 77436K, committed 77656K, reserved 1116160K
  class space    used 9778K, capacity 10298K, committed 10328K, reserved 1048576K
}

