# JRE version: OpenJDK Runtime Environment (8.0_152-b01) (build 1.8.0_152-release-1343-b01)
# Java VM: OpenJDK 64-Bit Server VM (25.152-b01 mixed mode windows-amd64 compressed oops)
Heap:
 PSYoungGen      total 424960K, used 121660K [0x00000000e0000000, 0x00000000fd480000, 0x0000000100000000)
  eden space 386048K, 26% used [0x00000000e0000000,0x00000000e64d9ae0,0x00000000f7900000)
  from space 38912K, 47% used [0x00000000f9d80000,0x00000000faf75630,0x00000000fc380000)
  to   space 37376K, 0% used [0x00000000f7900000,0x00000000f7900000,0x00000000f9d80000)
 ParOldGen       total 158720K, used 72953K [0x00000000a0000000, 0x00000000a9b00000, 0x00000000e0000000)
  object space 158720K, 45% used [0x00000000a0000000,0x00000000a473e5e8,0x00000000a9b00000)
 Metaspace       used 100949K, capacity 105775K, committed 106112K, reserved 1142784K
  class space    used 12681K, capacity 13611K, committed 13696K, reserved 1048576K
GC Heap History (10 events):
Event: 4443.319 GC heap before
{Heap before GC invocations=26 (full 4):
 PSYoungGen      total 284672K, used 260328K [0x00000000e0000000, 0x00000000f6480000, 0x0000000100000000)
  eden space 246784K, 100% used [0x00000000e0000000,0x00000000ef100000,0x00000000ef100000)
  from space 37888K, 35% used [0x00000000ef100000,0x00000000efe3a0a0,0x00000000f1600000)
  to   space 35840K, 0% used [0x00000000f4180000,0x00000000f4180000,0x00000000f6480000)
 ParOldGen       total 158720K, used 72913K [0x00000000a0000000, 0x00000000a9b00000, 0x00000000e0000000)
  object space 158720K, 45% used [0x00000000a0000000,0x00000000a47345e8,0x00000000a9b00000)
 Metaspace       used 98920K, capacity 103341K, committed 103552K, reserved 1138688K
  class space    used 12475K, capacity 13338K, committed 13440K, reserved 1048576K
Event: 4443.606 GC heap after
Heap after GC invocations=26 (full 4):
 PSYoungGen      total 327168K, used 9808K [0x00000000e0000000, 0x00000000f6280000, 0x0000000100000000)
  eden space 293376K, 0% used [0x00000000e0000000,0x00000000e0000000,0x00000000f1e80000)
  from space 33792K, 29% used [0x00000000f4180000,0x00000000f4b14018,0x00000000f6280000)
  to   space 34816K, 0% used [0x00000000f1e80000,0x00000000f1e80000,0x00000000f4080000)
 ParOldGen       total 158720K, used 72921K [0x00000000a0000000, 0x00000000a9b00000, 0x00000000e0000000)
  object space 158720K, 45% used [0x00000000a0000000,0x00000000a47365e8,0x00000000a9b00000)
 Metaspace       used 98920K, capacity 103341K, committed 103552K, reserved 1138688K
  class space    used 12475K, capacity 13338K, committed 13440K, reserved 1048576K
}
Event: 4887.022 GC heap before
{Heap before GC invocations=27 (full 4):
 PSYoungGen      total 327168K, used 303184K [0x00000000e0000000, 0x00000000f6280000, 0x0000000100000000)
  eden space 293376K, 100% used [0x00000000e0000000,0x00000000f1e80000,0x00000000f1e80000)
  from space 33792K, 29% used [0x00000000f4180000,0x00000000f4b14018,0x00000000f6280000)
  to   space 34816K, 0% used [0x00000000f1e80000,0x00000000f1e80000,0x00000000f4080000)
 ParOldGen       total 158720K, used 72921K [0x00000000a0000000, 0x00000000a9b00000, 0x00000000e0000000)
  object space 158720K, 45% used [0x00000000a0000000,0x00000000a47365e8,0x00000000a9b00000)
 Metaspace       used 100285K, capacity 104879K, committed 105088K, reserved 1140736K
  class space    used 12638K, capacity 13555K, committed 13696K, reserved 1048576K
Event: 4887.686 GC heap after
Heap after GC invocations=27 (full 4):
 PSYoungGen      total 328192K, used 20765K [0x00000000e0000000, 0x00000000f9180000, 0x0000000100000000)
  eden space 293376K, 0% used [0x00000000e0000000,0x00000000e0000000,0x00000000f1e80000)
  from space 34816K, 59% used [0x00000000f1e80000,0x00000000f32c7700,0x00000000f4080000)
  to   space 34816K, 0% used [0x00000000f6f80000,0x00000000f6f80000,0x00000000f9180000)
 ParOldGen       total 158720K, used 72929K [0x00000000a0000000, 0x00000000a9b00000, 0x00000000e0000000)
  object space 158720K, 45% used [0x00000000a0000000,0x00000000a47385e8,0x00000000a9b00000)
 Metaspace       used 100285K, capacity 104879K, committed 105088K, reserved 1140736K
  class space    used 12638K, capacity 13555K, committed 13696K, reserved 1048576K
}
Event: 4891.269 GC heap before
{Heap before GC invocations=28 (full 4):
 PSYoungGen      total 328192K, used 314141K [0x00000000e0000000, 0x00000000f9180000, 0x0000000100000000)
  eden space 293376K, 100% used [0x00000000e0000000,0x00000000f1e80000,0x00000000f1e80000)
  from space 34816K, 59% used [0x00000000f1e80000,0x00000000f32c7700,0x00000000f4080000)
  to   space 34816K, 0% used [0x00000000f6f80000,0x00000000f6f80000,0x00000000f9180000)
 ParOldGen       total 158720K, used 72929K [0x00000000a0000000, 0x00000000a9b00000, 0x00000000e0000000)
  object space 158720K, 45% used [0x00000000a0000000,0x00000000a47385e8,0x00000000a9b00000)
 Metaspace       used 100457K, capacity 105163K, committed 105344K, reserved 1140736K
  class space    used 12653K, capacity 13559K, committed 13696K, reserved 1048576K
Event: 4891.404 GC heap after
Heap after GC invocations=28 (full 4):
 PSYoungGen      total 373248K, used 28930K [0x00000000e0000000, 0x00000000fa080000, 0x0000000100000000)
  eden space 338432K, 0% used [0x00000000e0000000,0x00000000e0000000,0x00000000f4a80000)
  from space 34816K, 83% used [0x00000000f6f80000,0x00000000f8bc0b40,0x00000000f9180000)
  to   space 37888K, 0% used [0x00000000f4a80000,0x00000000f4a80000,0x00000000f6f80000)
 ParOldGen       total 158720K, used 72937K [0x00000000a0000000, 0x00000000a9b00000, 0x00000000e0000000)
  object space 158720K, 45% used [0x00000000a0000000,0x00000000a473a5e8,0x00000000a9b00000)
 Metaspace       used 100457K, capacity 105163K, committed 105344K, reserved 1140736K
  class space    used 12653K, capacity 13559K, committed 13696K, reserved 1048576K
}
Event: 4896.921 GC heap before
{Heap before GC invocations=29 (full 4):
 PSYoungGen      total 373248K, used 363295K [0x00000000e0000000, 0x00000000fa080000, 0x0000000100000000)
  eden space 338432K, 98% used [0x00000000e0000000,0x00000000f4687248,0x00000000f4a80000)
  from space 34816K, 83% used [0x00000000f6f80000,0x00000000f8bc0b40,0x00000000f9180000)
  to   space 37888K, 0% used [0x00000000f4a80000,0x00000000f4a80000,0x00000000f6f80000)
 ParOldGen       total 158720K, used 72937K [0x00000000a0000000, 0x00000000a9b00000, 0x00000000e0000000)
  object space 158720K, 45% used [0x00000000a0000000,0x00000000a473a5e8,0x00000000a9b00000)
 Metaspace       used 100660K, capacity 105325K, committed 105600K, reserved 1140736K
  class space    used 12654K, capacity 13562K, committed 13696K, reserved 1048576K
Event: 4896.976 GC heap after
Heap after GC invocations=29 (full 4):
 PSYoungGen      total 376320K, used 24773K [0x00000000e0000000, 0x00000000fc380000, 0x0000000100000000)
  eden space 338432K, 0% used [0x00000000e0000000,0x00000000e0000000,0x00000000f4a80000)
  from space 37888K, 65% used [0x00000000f4a80000,0x00000000f62b1708,0x00000000f6f80000)
  to   space 38912K, 0% used [0x00000000f9d80000,0x00000000f9d80000,0x00000000fc380000)
 ParOldGen       total 158720K, used 72945K [0x00000000a0000000, 0x00000000a9b00000, 0x00000000e0000000)
  object space 158720K, 45% used [0x00000000a0000000,0x00000000a473c5e8,0x00000000a9b00000)
 Metaspace       used 100660K, capacity 105325K, committed 105600K, reserved 1140736K
  class space    used 12654K, capacity 13562K, committed 13696K, reserved 1048576K
}
Event: 4981.447 GC heap before
{Heap before GC invocations=30 (full 4):
 PSYoungGen      total 376320K, used 363205K [0x00000000e0000000, 0x00000000fc380000, 0x0000000100000000)
  eden space 338432K, 100% used [0x00000000e0000000,0x00000000f4a80000,0x00000000f4a80000)
  from space 37888K, 65% used [0x00000000f4a80000,0x00000000f62b1708,0x00000000f6f80000)
  to   space 38912K, 0% used [0x00000000f9d80000,0x00000000f9d80000,0x00000000fc380000)
 ParOldGen       total 158720K, used 72945K [0x00000000a0000000, 0x00000000a9b00000, 0x00000000e0000000)
  object space 158720K, 45% used [0x00000000a0000000,0x00000000a473c5e8,0x00000000a9b00000)
 Metaspace       used 100921K, capacity 105771K, committed 105856K, reserved 1140736K
  class space    used 12678K, capacity 13611K, committed 13696K, reserved 1048576K
Event: 4991.618 GC heap after
Heap after GC invocations=30 (full 4):
 PSYoungGen      total 424960K, used 18389K [0x00000000e0000000, 0x00000000fd480000, 0x0000000100000000)
  eden space 386048K, 0% used [0x00000000e0000000,0x00000000e0000000,0x00000000f7900000)
  from space 38912K, 47% used [0x00000000f9d80000,0x00000000faf75630,0x00000000fc380000)
  to   space 37376K, 0% used [0x00000000f7900000,0x00000000f7900000,0x00000000f9d80000)
 ParOldGen       total 158720K, used 72953K [0x00000000a0000000, 0x00000000a9b00000, 0x00000000e0000000)
  object space 158720K, 45% used [0x00000000a0000000,0x00000000a473e5e8,0x00000000a9b00000)
 Metaspace       used 100921K, capacity 105771K, committed 105856K, reserved 1140736K
  class space    used 12678K, capacity 13611K, committed 13696K, reserved 1048576K
}

