# JRE version: OpenJDK Runtime Environment (8.0_152-b01) (build 1.8.0_152-release-1343-b01)
# Java VM: OpenJDK 64-Bit Server VM (25.152-b01 mixed mode windows-amd64 compressed oops)
Heap:
 PSYoungGen      total 226304K, used 46579K [0x00000000e0000000, 0x00000000f1d80000, 0x0000000100000000)
  eden space 198144K, 23% used [0x00000000e0000000,0x00000000e2d7cf40,0x00000000ec180000)
  from space 28160K, 0% used [0x00000000f0200000,0x00000000f0200000,0x00000000f1d80000)
  to   space 27136K, 0% used [0x00000000ec180000,0x00000000ec180000,0x00000000edc00000)
 ParOldGen       total 92160K, used 89215K [0x00000000a0000000, 0x00000000a5a00000, 0x00000000e0000000)
  object space 92160K, 96% used [0x00000000a0000000,0x00000000a571ffb8,0x00000000a5a00000)
 Metaspace       used 71252K, capacity 73572K, committed 73688K, reserved 1114112K
  class space    used 9444K, capacity 9902K, committed 9944K, reserved 1048576K
GC Heap History (10 events):
Event: 24.252 GC heap before
{Heap before GC invocations=16 (full 3):
 PSYoungGen      total 188416K, used 173568K [0x00000000e0000000, 0x00000000eca80000, 0x0000000100000000)
  eden space 173568K, 100% used [0x00000000e0000000,0x00000000ea980000,0x00000000ea980000)
  from space 14848K, 0% used [0x00000000eb980000,0x00000000eb980000,0x00000000ec800000)
  to   space 16384K, 0% used [0x00000000ea980000,0x00000000ea980000,0x00000000eb980000)
 ParOldGen       total 92160K, used 35206K [0x00000000a0000000, 0x00000000a5a00000, 0x00000000e0000000)
  object space 92160K, 38% used [0x00000000a0000000,0x00000000a2261928,0x00000000a5a00000)
 Metaspace       used 62587K, capacity 64598K, committed 64728K, reserved 1105920K
  class space    used 8435K, capacity 8851K, committed 8920K, reserved 1048576K
Event: 24.327 GC heap after
Heap after GC invocations=16 (full 3):
 PSYoungGen      total 189952K, used 16079K [0x00000000e0000000, 0x00000000eee00000, 0x0000000100000000)
  eden space 173568K, 0% used [0x00000000e0000000,0x00000000e0000000,0x00000000ea980000)
  from space 16384K, 98% used [0x00000000ea980000,0x00000000eb933f48,0x00000000eb980000)
  to   space 18432K, 0% used [0x00000000edc00000,0x00000000edc00000,0x00000000eee00000)
 ParOldGen       total 92160K, used 35214K [0x00000000a0000000, 0x00000000a5a00000, 0x00000000e0000000)
  object space 92160K, 38% used [0x00000000a0000000,0x00000000a2263928,0x00000000a5a00000)
 Metaspace       used 62587K, capacity 64598K, committed 64728K, reserved 1105920K
  class space    used 8435K, capacity 8851K, committed 8920K, reserved 1048576K
}
Event: 28.200 GC heap before
{Heap before GC invocations=17 (full 3):
 PSYoungGen      total 189952K, used 189647K [0x00000000e0000000, 0x00000000eee00000, 0x0000000100000000)
  eden space 173568K, 100% used [0x00000000e0000000,0x00000000ea980000,0x00000000ea980000)
  from space 16384K, 98% used [0x00000000ea980000,0x00000000eb933f48,0x00000000eb980000)
  to   space 18432K, 0% used [0x00000000edc00000,0x00000000edc00000,0x00000000eee00000)
 ParOldGen       total 92160K, used 35214K [0x00000000a0000000, 0x00000000a5a00000, 0x00000000e0000000)
  object space 92160K, 38% used [0x00000000a0000000,0x00000000a2263928,0x00000000a5a00000)
 Metaspace       used 67761K, capacity 69834K, committed 69976K, reserved 1110016K
  class space    used 9071K, capacity 9515K, committed 9560K, reserved 1048576K
Event: 28.314 GC heap after
Heap after GC invocations=17 (full 3):
 PSYoungGen      total 216576K, used 18431K [0x00000000e0000000, 0x00000000f0200000, 0x0000000100000000)
  eden space 198144K, 0% used [0x00000000e0000000,0x00000000e0000000,0x00000000ec180000)
  from space 18432K, 99% used [0x00000000edc00000,0x00000000eedffdd8,0x00000000eee00000)
  to   space 27136K, 0% used [0x00000000ec180000,0x00000000ec180000,0x00000000edc00000)
 ParOldGen       total 92160K, used 50401K [0x00000000a0000000, 0x00000000a5a00000, 0x00000000e0000000)
  object space 92160K, 54% used [0x00000000a0000000,0x00000000a3138718,0x00000000a5a00000)
 Metaspace       used 67761K, capacity 69834K, committed 69976K, reserved 1110016K
  class space    used 9071K, capacity 9515K, committed 9560K, reserved 1048576K
}
Event: 37.409 GC heap before
{Heap before GC invocations=18 (full 3):
 PSYoungGen      total 216576K, used 216575K [0x00000000e0000000, 0x00000000f0200000, 0x0000000100000000)
  eden space 198144K, 100% used [0x00000000e0000000,0x00000000ec180000,0x00000000ec180000)
  from space 18432K, 99% used [0x00000000edc00000,0x00000000eedffdd8,0x00000000eee00000)
  to   space 27136K, 0% used [0x00000000ec180000,0x00000000ec180000,0x00000000edc00000)
 ParOldGen       total 92160K, used 50401K [0x00000000a0000000, 0x00000000a5a00000, 0x00000000e0000000)
  object space 92160K, 54% used [0x00000000a0000000,0x00000000a3138718,0x00000000a5a00000)
 Metaspace       used 71167K, capacity 73498K, committed 73688K, reserved 1114112K
  class space    used 9431K, capacity 9899K, committed 9944K, reserved 1048576K
Event: 37.517 GC heap after
Heap after GC invocations=18 (full 3):
 PSYoungGen      total 225280K, used 18224K [0x00000000e0000000, 0x00000000f1d80000, 0x0000000100000000)
  eden space 198144K, 0% used [0x00000000e0000000,0x00000000e0000000,0x00000000ec180000)
  from space 27136K, 67% used [0x00000000ec180000,0x00000000ed34c368,0x00000000edc00000)
  to   space 28160K, 0% used [0x00000000f0200000,0x00000000f0200000,0x00000000f1d80000)
 ParOldGen       total 92160K, used 68620K [0x00000000a0000000, 0x00000000a5a00000, 0x00000000e0000000)
  object space 92160K, 74% used [0x00000000a0000000,0x00000000a43030c8,0x00000000a5a00000)
 Metaspace       used 71167K, capacity 73498K, committed 73688K, reserved 1114112K
  class space    used 9431K, capacity 9899K, committed 9944K, reserved 1048576K
}
Event: 42.638 GC heap before
{Heap before GC invocations=19 (full 3):
 PSYoungGen      total 225280K, used 187060K [0x00000000e0000000, 0x00000000f1d80000, 0x0000000100000000)
  eden space 198144K, 85% used [0x00000000e0000000,0x00000000ea4e0e00,0x00000000ec180000)
  from space 27136K, 67% used [0x00000000ec180000,0x00000000ed34c368,0x00000000edc00000)
  to   space 28160K, 0% used [0x00000000f0200000,0x00000000f0200000,0x00000000f1d80000)
 ParOldGen       total 92160K, used 68620K [0x00000000a0000000, 0x00000000a5a00000, 0x00000000e0000000)
  object space 92160K, 74% used [0x00000000a0000000,0x00000000a43030c8,0x00000000a5a00000)
 Metaspace       used 71255K, capacity 73578K, committed 73688K, reserved 1114112K
  class space    used 9445K, capacity 9903K, committed 9944K, reserved 1048576K
Event: 42.723 GC heap after
Heap after GC invocations=19 (full 3):
 PSYoungGen      total 226304K, used 28136K [0x00000000e0000000, 0x00000000f1d80000, 0x0000000100000000)
  eden space 198144K, 0% used [0x00000000e0000000,0x00000000e0000000,0x00000000ec180000)
  from space 28160K, 99% used [0x00000000f0200000,0x00000000f1d7a220,0x00000000f1d80000)
  to   space 27136K, 0% used [0x00000000ec180000,0x00000000ec180000,0x00000000edc00000)
 ParOldGen       total 92160K, used 77301K [0x00000000a0000000, 0x00000000a5a00000, 0x00000000e0000000)
  object space 92160K, 83% used [0x00000000a0000000,0x00000000a4b7d788,0x00000000a5a00000)
 Metaspace       used 71255K, capacity 73578K, committed 73688K, reserved 1114112K
  class space    used 9445K, capacity 9903K, committed 9944K, reserved 1048576K
}
Event: 42.724 GC heap before
{Heap before GC invocations=20 (full 4):
 PSYoungGen      total 226304K, used 28136K [0x00000000e0000000, 0x00000000f1d80000, 0x0000000100000000)
  eden space 198144K, 0% used [0x00000000e0000000,0x00000000e0000000,0x00000000ec180000)
  from space 28160K, 99% used [0x00000000f0200000,0x00000000f1d7a220,0x00000000f1d80000)
  to   space 27136K, 0% used [0x00000000ec180000,0x00000000ec180000,0x00000000edc00000)
 ParOldGen       total 92160K, used 77301K [0x00000000a0000000, 0x00000000a5a00000, 0x00000000e0000000)
  object space 92160K, 83% used [0x00000000a0000000,0x00000000a4b7d788,0x00000000a5a00000)
 Metaspace       used 71255K, capacity 73578K, committed 73688K, reserved 1114112K
  class space    used 9445K, capacity 9903K, committed 9944K, reserved 1048576K
Event: 49.526 GC heap after
Heap after GC invocations=20 (full 4):
 PSYoungGen      total 226304K, used 0K [0x00000000e0000000, 0x00000000f1d80000, 0x0000000100000000)
  eden space 198144K, 0% used [0x00000000e0000000,0x00000000e0000000,0x00000000ec180000)
  from space 28160K, 0% used [0x00000000f0200000,0x00000000f0200000,0x00000000f1d80000)
  to   space 27136K, 0% used [0x00000000ec180000,0x00000000ec180000,0x00000000edc00000)
 ParOldGen       total 92160K, used 89215K [0x00000000a0000000, 0x00000000a5a00000, 0x00000000e0000000)
  object space 92160K, 96% used [0x00000000a0000000,0x00000000a571ffb8,0x00000000a5a00000)
 Metaspace       used 71250K, capacity 73566K, committed 73688K, reserved 1114112K
  class space    used 9444K, capacity 9901K, committed 9944K, reserved 1048576K
}

