# JRE version: OpenJDK Runtime Environment (8.0_152-b01) (build 1.8.0_152-release-1343-b01)
# Java VM: OpenJDK 64-Bit Server VM (25.152-b01 mixed mode windows-amd64 compressed oops)
Heap:
 PSYoungGen      total 238080K, used 124709K [0x00000000e0000000, 0x00000000f0980000, 0x0000000100000000)
  eden space 212992K, 46% used [0x00000000e0000000,0x00000000e61a4510,0x00000000ed000000)
  from space 25088K, 98% used [0x00000000eec80000,0x00000000f04a5030,0x00000000f0500000)
  to   space 29184K, 0% used [0x00000000ed000000,0x00000000ed000000,0x00000000eec80000)
 ParOldGen       total 92672K, used 45001K [0x00000000a0000000, 0x00000000a5a80000, 0x00000000e0000000)
  object space 92672K, 48% used [0x00000000a0000000,0x00000000a2bf24c0,0x00000000a5a80000)
 Metaspace       used 72384K, capacity 75306K, committed 75520K, reserved 1116160K
  class space    used 9556K, capacity 10201K, committed 10240K, reserved 1048576K
GC Heap History (10 events):
Event: 23.020 GC heap before
{Heap before GC invocations=15 (full 2):
 PSYoungGen      total 163840K, used 52759K [0x00000000e0000000, 0x00000000eb700000, 0x0000000100000000)
  eden space 147456K, 24% used [0x00000000e0000000,0x00000000e2388718,0x00000000e9000000)
  from space 16384K, 99% used [0x00000000ea300000,0x00000000eb2fd7e8,0x00000000eb300000)
  to   space 19456K, 0% used [0x00000000e9000000,0x00000000e9000000,0x00000000ea300000)
 ParOldGen       total 59392K, used 22321K [0x00000000a0000000, 0x00000000a3a00000, 0x00000000e0000000)
  object space 59392K, 37% used [0x00000000a0000000,0x00000000a15cc788,0x00000000a3a00000)
 Metaspace       used 57439K, capacity 59000K, committed 59136K, reserved 1099776K
  class space    used 7721K, capacity 8133K, committed 8192K, reserved 1048576K
Event: 23.047 GC heap after
Heap after GC invocations=15 (full 2):
 PSYoungGen      total 166912K, used 3749K [0x00000000e0000000, 0x00000000edb80000, 0x0000000100000000)
  eden space 147456K, 0% used [0x00000000e0000000,0x00000000e0000000,0x00000000e9000000)
  from space 19456K, 19% used [0x00000000e9000000,0x00000000e93a95b8,0x00000000ea300000)
  to   space 19456K, 0% used [0x00000000ec880000,0x00000000ec880000,0x00000000edb80000)
 ParOldGen       total 59392K, used 35111K [0x00000000a0000000, 0x00000000a3a00000, 0x00000000e0000000)
  object space 59392K, 59% used [0x00000000a0000000,0x00000000a2249cc8,0x00000000a3a00000)
 Metaspace       used 57439K, capacity 59000K, committed 59136K, reserved 1099776K
  class space    used 7721K, capacity 8133K, committed 8192K, reserved 1048576K
}
Event: 23.047 GC heap before
{Heap before GC invocations=16 (full 3):
 PSYoungGen      total 166912K, used 3749K [0x00000000e0000000, 0x00000000edb80000, 0x0000000100000000)
  eden space 147456K, 0% used [0x00000000e0000000,0x00000000e0000000,0x00000000e9000000)
  from space 19456K, 19% used [0x00000000e9000000,0x00000000e93a95b8,0x00000000ea300000)
  to   space 19456K, 0% used [0x00000000ec880000,0x00000000ec880000,0x00000000edb80000)
 ParOldGen       total 59392K, used 35111K [0x00000000a0000000, 0x00000000a3a00000, 0x00000000e0000000)
  object space 59392K, 59% used [0x00000000a0000000,0x00000000a2249cc8,0x00000000a3a00000)
 Metaspace       used 57439K, capacity 59000K, committed 59136K, reserved 1099776K
  class space    used 7721K, capacity 8133K, committed 8192K, reserved 1048576K
Event: 23.473 GC heap after
Heap after GC invocations=16 (full 3):
 PSYoungGen      total 166912K, used 0K [0x00000000e0000000, 0x00000000edb80000, 0x0000000100000000)
  eden space 147456K, 0% used [0x00000000e0000000,0x00000000e0000000,0x00000000e9000000)
  from space 19456K, 0% used [0x00000000e9000000,0x00000000e9000000,0x00000000ea300000)
  to   space 19456K, 0% used [0x00000000ec880000,0x00000000ec880000,0x00000000edb80000)
 ParOldGen       total 92672K, used 31072K [0x00000000a0000000, 0x00000000a5a80000, 0x00000000e0000000)
  object space 92672K, 33% used [0x00000000a0000000,0x00000000a1e583e8,0x00000000a5a80000)
 Metaspace       used 57439K, capacity 59000K, committed 59136K, reserved 1099776K
  class space    used 7721K, capacity 8133K, committed 8192K, reserved 1048576K
}
Event: 26.796 GC heap before
{Heap before GC invocations=17 (full 3):
 PSYoungGen      total 166912K, used 147456K [0x00000000e0000000, 0x00000000edb80000, 0x0000000100000000)
  eden space 147456K, 100% used [0x00000000e0000000,0x00000000e9000000,0x00000000e9000000)
  from space 19456K, 0% used [0x00000000e9000000,0x00000000e9000000,0x00000000ea300000)
  to   space 19456K, 0% used [0x00000000ec880000,0x00000000ec880000,0x00000000edb80000)
 ParOldGen       total 92672K, used 31072K [0x00000000a0000000, 0x00000000a5a80000, 0x00000000e0000000)
  object space 92672K, 33% used [0x00000000a0000000,0x00000000a1e583e8,0x00000000a5a80000)
 Metaspace       used 63112K, capacity 65222K, committed 65536K, reserved 1105920K
  class space    used 8635K, capacity 9092K, committed 9216K, reserved 1048576K
Event: 26.832 GC heap after
Heap after GC invocations=17 (full 3):
 PSYoungGen      total 194048K, used 12582K [0x00000000e0000000, 0x00000000ed680000, 0x0000000100000000)
  eden space 179712K, 0% used [0x00000000e0000000,0x00000000e0000000,0x00000000eaf80000)
  from space 14336K, 87% used [0x00000000ec880000,0x00000000ed4c9880,0x00000000ed680000)
  to   space 19968K, 0% used [0x00000000eaf80000,0x00000000eaf80000,0x00000000ec300000)
 ParOldGen       total 92672K, used 31080K [0x00000000a0000000, 0x00000000a5a80000, 0x00000000e0000000)
  object space 92672K, 33% used [0x00000000a0000000,0x00000000a1e5a3e8,0x00000000a5a80000)
 Metaspace       used 63112K, capacity 65222K, committed 65536K, reserved 1105920K
  class space    used 8635K, capacity 9092K, committed 9216K, reserved 1048576K
}
Event: 31.155 GC heap before
{Heap before GC invocations=18 (full 3):
 PSYoungGen      total 194048K, used 192294K [0x00000000e0000000, 0x00000000ed680000, 0x0000000100000000)
  eden space 179712K, 100% used [0x00000000e0000000,0x00000000eaf80000,0x00000000eaf80000)
  from space 14336K, 87% used [0x00000000ec880000,0x00000000ed4c9880,0x00000000ed680000)
  to   space 19968K, 0% used [0x00000000eaf80000,0x00000000eaf80000,0x00000000ec300000)
 ParOldGen       total 92672K, used 31080K [0x00000000a0000000, 0x00000000a5a80000, 0x00000000e0000000)
  object space 92672K, 33% used [0x00000000a0000000,0x00000000a1e5a3e8,0x00000000a5a80000)
 Metaspace       used 65628K, capacity 67972K, committed 68224K, reserved 1107968K
  class space    used 8948K, capacity 9490K, committed 9600K, reserved 1048576K
Event: 31.218 GC heap after
Heap after GC invocations=18 (full 3):
 PSYoungGen      total 199680K, used 19944K [0x00000000e0000000, 0x00000000f0500000, 0x0000000100000000)
  eden space 179712K, 0% used [0x00000000e0000000,0x00000000e0000000,0x00000000eaf80000)
  from space 19968K, 99% used [0x00000000eaf80000,0x00000000ec2fa030,0x00000000ec300000)
  to   space 25088K, 0% used [0x00000000eec80000,0x00000000eec80000,0x00000000f0500000)
 ParOldGen       total 92672K, used 37173K [0x00000000a0000000, 0x00000000a5a80000, 0x00000000e0000000)
  object space 92672K, 40% used [0x00000000a0000000,0x00000000a244d400,0x00000000a5a80000)
 Metaspace       used 65628K, capacity 67972K, committed 68224K, reserved 1107968K
  class space    used 8948K, capacity 9490K, committed 9600K, reserved 1048576K
}
Event: 40.511 GC heap before
{Heap before GC invocations=19 (full 3):
 PSYoungGen      total 199680K, used 199656K [0x00000000e0000000, 0x00000000f0500000, 0x0000000100000000)
  eden space 179712K, 100% used [0x00000000e0000000,0x00000000eaf80000,0x00000000eaf80000)
  from space 19968K, 99% used [0x00000000eaf80000,0x00000000ec2fa030,0x00000000ec300000)
  to   space 25088K, 0% used [0x00000000eec80000,0x00000000eec80000,0x00000000f0500000)
 ParOldGen       total 92672K, used 37173K [0x00000000a0000000, 0x00000000a5a80000, 0x00000000e0000000)
  object space 92672K, 40% used [0x00000000a0000000,0x00000000a244d400,0x00000000a5a80000)
 Metaspace       used 71159K, capacity 73980K, committed 74112K, reserved 1114112K
  class space    used 9447K, capacity 10042K, committed 10112K, reserved 1048576K
Event: 40.591 GC heap after
Heap after GC invocations=19 (full 3):
 PSYoungGen      total 238080K, used 24724K [0x00000000e0000000, 0x00000000f0980000, 0x0000000100000000)
  eden space 212992K, 0% used [0x00000000e0000000,0x00000000e0000000,0x00000000ed000000)
  from space 25088K, 98% used [0x00000000eec80000,0x00000000f04a5030,0x00000000f0500000)
  to   space 29184K, 0% used [0x00000000ed000000,0x00000000ed000000,0x00000000eec80000)
 ParOldGen       total 92672K, used 45001K [0x00000000a0000000, 0x00000000a5a80000, 0x00000000e0000000)
  object space 92672K, 48% used [0x00000000a0000000,0x00000000a2bf24c0,0x00000000a5a80000)
 Metaspace       used 71159K, capacity 73980K, committed 74112K, reserved 1114112K
  class space    used 9447K, capacity 10042K, committed 10112K, reserved 1048576K
}

