# JRE version: OpenJDK Runtime Environment (8.0_152-b01) (build 1.8.0_152-release-1343-b01)
# Java VM: OpenJDK 64-Bit Server VM (25.152-b01 mixed mode windows-amd64 compressed oops)
Heap:
 PSYoungGen      total 210432K, used 136620K [0x00000000e0000000, 0x00000000efa80000, 0x0000000100000000)
  eden space 194048K, 61% used [0x00000000e0000000,0x00000000e756c9b0,0x00000000ebd80000)
  from space 16384K, 99% used [0x00000000ebd80000,0x00000000ecd7e6f8,0x00000000ecd80000)
  to   space 22528K, 0% used [0x00000000ee480000,0x00000000ee480000,0x00000000efa80000)
 ParOldGen       total 90624K, used 39347K [0x00000000a0000000, 0x00000000a5880000, 0x00000000e0000000)
  object space 90624K, 43% used [0x00000000a0000000,0x00000000a266cd98,0x00000000a5880000)
 Metaspace       used 69893K, capacity 71944K, committed 72212K, reserved 1112064K
  class space    used 8992K, capacity 9428K, committed 9532K, reserved 1048576K
GC Heap History (10 events):
Event: 16.771 GC heap before
{Heap before GC invocations=14 (full 2):
 PSYoungGen      total 140800K, used 140798K [0x00000000e0000000, 0x00000000eba00000, 0x0000000100000000)
  eden space 129536K, 100% used [0x00000000e0000000,0x00000000e7e80000,0x00000000e7e80000)
  from space 11264K, 99% used [0x00000000e7e80000,0x00000000e897fba0,0x00000000e8980000)
  to   space 14848K, 0% used [0x00000000eab80000,0x00000000eab80000,0x00000000eba00000)
 ParOldGen       total 57856K, used 20965K [0x00000000a0000000, 0x00000000a3880000, 0x00000000e0000000)
  object space 57856K, 36% used [0x00000000a0000000,0x00000000a1479448,0x00000000a3880000)
 Metaspace       used 56607K, capacity 57924K, committed 58072K, reserved 1099776K
  class space    used 7602K, capacity 7919K, committed 7936K, reserved 1048576K
Event: 16.806 GC heap after
Heap after GC invocations=14 (full 2):
 PSYoungGen      total 172544K, used 11934K [0x00000000e0000000, 0x00000000eb980000, 0x0000000100000000)
  eden space 158208K, 0% used [0x00000000e0000000,0x00000000e0000000,0x00000000e9a80000)
  from space 14336K, 83% used [0x00000000eab80000,0x00000000eb727870,0x00000000eb980000)
  to   space 15872K, 0% used [0x00000000e9a80000,0x00000000e9a80000,0x00000000eaa00000)
 ParOldGen       total 57856K, used 29426K [0x00000000a0000000, 0x00000000a3880000, 0x00000000e0000000)
  object space 57856K, 50% used [0x00000000a0000000,0x00000000a1cbca90,0x00000000a3880000)
 Metaspace       used 56607K, capacity 57924K, committed 58072K, reserved 1099776K
  class space    used 7602K, capacity 7919K, committed 7936K, reserved 1048576K
}
Event: 17.631 GC heap before
{Heap before GC invocations=15 (full 2):
 PSYoungGen      total 172544K, used 41803K [0x00000000e0000000, 0x00000000eb980000, 0x0000000100000000)
  eden space 158208K, 18% used [0x00000000e0000000,0x00000000e1d2b478,0x00000000e9a80000)
  from space 14336K, 83% used [0x00000000eab80000,0x00000000eb727870,0x00000000eb980000)
  to   space 15872K, 0% used [0x00000000e9a80000,0x00000000e9a80000,0x00000000eaa00000)
 ParOldGen       total 57856K, used 29426K [0x00000000a0000000, 0x00000000a3880000, 0x00000000e0000000)
  object space 57856K, 50% used [0x00000000a0000000,0x00000000a1cbca90,0x00000000a3880000)
 Metaspace       used 57581K, capacity 58960K, committed 59028K, reserved 1099776K
  class space    used 7750K, capacity 8080K, committed 8124K, reserved 1048576K
Event: 17.660 GC heap after
Heap after GC invocations=15 (full 2):
 PSYoungGen      total 174080K, used 6385K [0x00000000e0000000, 0x00000000edf80000, 0x0000000100000000)
  eden space 158208K, 0% used [0x00000000e0000000,0x00000000e0000000,0x00000000e9a80000)
  from space 15872K, 40% used [0x00000000e9a80000,0x00000000ea0bc6f0,0x00000000eaa00000)
  to   space 15360K, 0% used [0x00000000ed080000,0x00000000ed080000,0x00000000edf80000)
 ParOldGen       total 57856K, used 29434K [0x00000000a0000000, 0x00000000a3880000, 0x00000000e0000000)
  object space 57856K, 50% used [0x00000000a0000000,0x00000000a1cbea90,0x00000000a3880000)
 Metaspace       used 57581K, capacity 58960K, committed 59028K, reserved 1099776K
  class space    used 7750K, capacity 8080K, committed 8124K, reserved 1048576K
}
Event: 17.660 GC heap before
{Heap before GC invocations=16 (full 3):
 PSYoungGen      total 174080K, used 6385K [0x00000000e0000000, 0x00000000edf80000, 0x0000000100000000)
  eden space 158208K, 0% used [0x00000000e0000000,0x00000000e0000000,0x00000000e9a80000)
  from space 15872K, 40% used [0x00000000e9a80000,0x00000000ea0bc6f0,0x00000000eaa00000)
  to   space 15360K, 0% used [0x00000000ed080000,0x00000000ed080000,0x00000000edf80000)
 ParOldGen       total 57856K, used 29434K [0x00000000a0000000, 0x00000000a3880000, 0x00000000e0000000)
  object space 57856K, 50% used [0x00000000a0000000,0x00000000a1cbea90,0x00000000a3880000)
 Metaspace       used 57581K, capacity 58960K, committed 59028K, reserved 1099776K
  class space    used 7750K, capacity 8080K, committed 8124K, reserved 1048576K
Event: 18.312 GC heap after
Heap after GC invocations=16 (full 3):
 PSYoungGen      total 174080K, used 0K [0x00000000e0000000, 0x00000000edf80000, 0x0000000100000000)
  eden space 158208K, 0% used [0x00000000e0000000,0x00000000e0000000,0x00000000e9a80000)
  from space 15872K, 0% used [0x00000000e9a80000,0x00000000e9a80000,0x00000000eaa00000)
  to   space 15360K, 0% used [0x00000000ed080000,0x00000000ed080000,0x00000000edf80000)
 ParOldGen       total 90624K, used 29534K [0x00000000a0000000, 0x00000000a5880000, 0x00000000e0000000)
  object space 90624K, 32% used [0x00000000a0000000,0x00000000a1cd7af0,0x00000000a5880000)
 Metaspace       used 57581K, capacity 58960K, committed 59028K, reserved 1099776K
  class space    used 7750K, capacity 8080K, committed 8124K, reserved 1048576K
}
Event: 31.655 GC heap before
{Heap before GC invocations=17 (full 3):
 PSYoungGen      total 174080K, used 158208K [0x00000000e0000000, 0x00000000edf80000, 0x0000000100000000)
  eden space 158208K, 100% used [0x00000000e0000000,0x00000000e9a80000,0x00000000e9a80000)
  from space 15872K, 0% used [0x00000000e9a80000,0x00000000e9a80000,0x00000000eaa00000)
  to   space 15360K, 0% used [0x00000000ed080000,0x00000000ed080000,0x00000000edf80000)
 ParOldGen       total 90624K, used 29534K [0x00000000a0000000, 0x00000000a5880000, 0x00000000e0000000)
  object space 90624K, 32% used [0x00000000a0000000,0x00000000a1cd7af0,0x00000000a5880000)
 Metaspace       used 64128K, capacity 66058K, committed 66196K, reserved 1105920K
  class space    used 8457K, capacity 8857K, committed 8892K, reserved 1048576K
Event: 31.685 GC heap after
Heap after GC invocations=17 (full 3):
 PSYoungGen      total 197120K, used 12869K [0x00000000e0000000, 0x00000000edd80000, 0x0000000100000000)
  eden space 183808K, 0% used [0x00000000e0000000,0x00000000e0000000,0x00000000eb380000)
  from space 13312K, 96% used [0x00000000ed080000,0x00000000edd11430,0x00000000edd80000)
  to   space 16384K, 0% used [0x00000000ebd80000,0x00000000ebd80000,0x00000000ecd80000)
 ParOldGen       total 90624K, used 29542K [0x00000000a0000000, 0x00000000a5880000, 0x00000000e0000000)
  object space 90624K, 32% used [0x00000000a0000000,0x00000000a1cd9af0,0x00000000a5880000)
 Metaspace       used 64128K, capacity 66058K, committed 66196K, reserved 1105920K
  class space    used 8457K, capacity 8857K, committed 8892K, reserved 1048576K
}
Event: 42.037 GC heap before
{Heap before GC invocations=18 (full 3):
 PSYoungGen      total 197120K, used 196677K [0x00000000e0000000, 0x00000000edd80000, 0x0000000100000000)
  eden space 183808K, 100% used [0x00000000e0000000,0x00000000eb380000,0x00000000eb380000)
  from space 13312K, 96% used [0x00000000ed080000,0x00000000edd11430,0x00000000edd80000)
  to   space 16384K, 0% used [0x00000000ebd80000,0x00000000ebd80000,0x00000000ecd80000)
 ParOldGen       total 90624K, used 29542K [0x00000000a0000000, 0x00000000a5880000, 0x00000000e0000000)
  object space 90624K, 32% used [0x00000000a0000000,0x00000000a1cd9af0,0x00000000a5880000)
 Metaspace       used 66879K, capacity 68888K, committed 69012K, reserved 1110016K
  class space    used 8715K, capacity 9136K, committed 9148K, reserved 1048576K
Event: 42.141 GC heap after
Heap after GC invocations=18 (full 3):
 PSYoungGen      total 210432K, used 16377K [0x00000000e0000000, 0x00000000efa80000, 0x0000000100000000)
  eden space 194048K, 0% used [0x00000000e0000000,0x00000000e0000000,0x00000000ebd80000)
  from space 16384K, 99% used [0x00000000ebd80000,0x00000000ecd7e6f8,0x00000000ecd80000)
  to   space 22528K, 0% used [0x00000000ee480000,0x00000000ee480000,0x00000000efa80000)
 ParOldGen       total 90624K, used 39347K [0x00000000a0000000, 0x00000000a5880000, 0x00000000e0000000)
  object space 90624K, 43% used [0x00000000a0000000,0x00000000a266cd98,0x00000000a5880000)
 Metaspace       used 66879K, capacity 68888K, committed 69012K, reserved 1110016K
  class space    used 8715K, capacity 9136K, committed 9148K, reserved 1048576K
}

